<?xml version="1.0" encoding="UTF-8"?>
<testsuite xmlns:xsi="http://www.w3.org/2001/XMLSchema-instance" xsi:noNamespaceSchemaLocation="https://maven.apache.org/surefire/maven-failsafe-plugin/xsd/failsafe-test-report.xsd" name="starter.TestSuite" time="31.633" tests="12" errors="0" skipped="0" failures="2">
  <properties>
[...]
</properties>
  <testcase name="Api signin success" classname="Signin" time="5.546"/>
  <testcase name="Get Credential" classname="Signin Credentials" time="1.712"/>
  <testcase name="Message get" classname="Message Get" time="3.415"/>
  <testcase name="Message post" classname="Message Post" time="2.345"/>
  <testcase name="Profile api" classname="Profile" time="2.879"/>
  <testcase name="Profile career" classname="Profile Career" time="1.618"/>
  <testcase name="Profile education" classname="Profile Education" time="1.539"/>
  <testcase name="Profile me" classname="Profile Me" time="1.294"/>
  <testcase name="otp match" classname="OTP Match" time="1.232">
    <failure message="1 expectation failed.&#10;Expected status code &lt;201&gt; but was &lt;406&gt;.&#10;" type="java.lang.AssertionError"><![CDATA[java.lang.AssertionError: 
1 expectation failed.
Expected status code <201> but was <406>.

]]></failure>
    <system-out><![CDATA[00:41:51.046 [main] INFO  n.t.c.steps.ConsoleLoggingListener - 
        __    _____ _____ ____ _____   ____   _    ____  ____  _____ ____  
  _     \ \  |_   _| ____/ ___|_   _| |  _ \ / \  / ___|/ ___|| ____|  _ \ 
 (_)_____| |   | | |  _| \___ \ | |   | |_) / _ \ \___ \\___ \|  _| | | | |
  _|_____| |   | | | |___ ___) || |   |  __/ ___ \ ___) |___) | |___| |_| |
 (_)     | |   |_| |_____|____/ |_|   |_| /_/   \_\____/|____/|_____|____/ 
        /_/                                                                

TEST PASSED: Profile me
----------------------------------------------------------------------------

Feature: OTP Match
  I want to test api otp match
  So that i success register

  Scenario: otp match             &amp#27;[90m# src/test/resources/features/register/otpmatch.feature:6&amp#27;[0m
00:41:51.050 [main] INFO  n.t.c.steps.ConsoleLoggingListener - 
 _____ _____ ____ _____   ____ _____  _    ____ _____ _____ ____  
|_   _| ____/ ___|_   _| / ___|_   _|/ \  |  _ \_   _| ____|  _ \ 
  | | |  _| \___ \ | |   \___ \ | | / _ \ | |_) || | |  _| | | | |
  | | | |___ ___) || |    ___) || |/ ___ \|  _ < | | | |___| |_| |
  |_| |_____|____/ |_|   |____/ |_/_/   \_\_| \_\|_| |_____|____/ 
                                                                  

TEST STARTED: otp match
-------------------------------------------------------------------(otp-match;otp-match)
00:41:51.068 [main] DEBUG n.t.core.steps.StepInterceptor - STARTING STEP: otpmatchSteps.iAmOtpMatch - setBodyReq
00:41:51.069 [main] DEBUG n.t.core.steps.StepInterceptor - STEP DONE: setBodyReq
    &amp#27;[32mGiven &amp#27;[0m&amp#27;[32mI am otp match&amp#27;[0m          &amp#27;[90m# otpmatchSteps.iAmOtpMatch()&amp#27;[0m
00:41:51.075 [main] DEBUG n.t.core.steps.StepInterceptor - STARTING STEP: otpmatchSteps.iAmInputOtp - hitEndpointOtpMatch
00:41:51.112 [main] DEBUG o.a.h.i.c.BasicClientConnectionManager - Get connection for route {}->http://pretest-qa.dcidev.id:80
00:41:51.112 [main] DEBUG o.a.h.i.c.DefaultClientConnectionOperator - Connecting to pretest-qa.dcidev.id:80
00:41:52.137 [main] DEBUG o.a.h.c.protocol.RequestAddCookies - CookieSpec selected: ignoreCookies
00:41:52.137 [main] DEBUG o.a.h.c.protocol.RequestAuthCache - Auth cache not set in the context
00:41:52.137 [main] DEBUG o.a.h.c.p.RequestTargetAuthentication - Target auth state: UNCHALLENGED
00:41:52.137 [main] DEBUG o.a.h.c.p.RequestProxyAuthentication - Proxy auth state: UNCHALLENGED
00:41:52.137 [main] DEBUG o.a.h.impl.client.DefaultHttpClient - Attempt 1 to execute request
00:41:52.137 [main] DEBUG o.a.h.i.conn.DefaultClientConnection - Sending request: POST /api/v1/register/otp/match HTTP/1.1
00:41:52.137 [main] DEBUG org.apache.http.wire -  >> "POST /api/v1/register/otp/match HTTP/1.1[\r][\n]"
00:41:52.138 [main] DEBUG org.apache.http.wire -  >> "Accept: */*[\r][\n]"
00:41:52.138 [main] DEBUG org.apache.http.wire -  >> "Content-Type: application/json; charset=UTF-8[\r][\n]"
00:41:52.138 [main] DEBUG org.apache.http.wire -  >> "Content-Length: 25[\r][\n]"
00:41:52.138 [main] DEBUG org.apache.http.wire -  >> "Host: pretest-qa.dcidev.id[\r][\n]"
00:41:52.138 [main] DEBUG org.apache.http.wire -  >> "Connection: Keep-Alive[\r][\n]"
00:41:52.138 [main] DEBUG org.apache.http.wire -  >> "User-Agent: Apache-HttpClient/4.5.5 (Java/1.8.0_301)[\r][\n]"
00:41:52.138 [main] DEBUG org.apache.http.wire -  >> "Accept-Encoding: gzip,deflate[\r][\n]"
00:41:52.138 [main] DEBUG org.apache.http.wire -  >> "[\r][\n]"
00:41:52.138 [main] DEBUG org.apache.http.headers - >> POST /api/v1/register/otp/match HTTP/1.1
00:41:52.138 [main] DEBUG org.apache.http.headers - >> Accept: */*
00:41:52.138 [main] DEBUG org.apache.http.headers - >> Content-Type: application/json; charset=UTF-8
00:41:52.138 [main] DEBUG org.apache.http.headers - >> Content-Length: 25
00:41:52.138 [main] DEBUG org.apache.http.headers - >> Host: pretest-qa.dcidev.id
00:41:52.138 [main] DEBUG org.apache.http.headers - >> Connection: Keep-Alive
00:41:52.138 [main] DEBUG org.apache.http.headers - >> User-Agent: Apache-HttpClient/4.5.5 (Java/1.8.0_301)
00:41:52.138 [main] DEBUG org.apache.http.headers - >> Accept-Encoding: gzip,deflate
00:41:52.138 [main] DEBUG org.apache.http.wire -  >> "{"phone":"6285163230188"}"
00:41:52.167 [main] DEBUG org.apache.http.wire -  << "HTTP/1.1 406 Not Acceptable[\r][\n]"
00:41:52.167 [main] DEBUG org.apache.http.wire -  << "Server: nginx[\r][\n]"
00:41:52.167 [main] DEBUG org.apache.http.wire -  << "Date: Sun, 20 Feb 2022 17:41:53 GMT[\r][\n]"
00:41:52.167 [main] DEBUG org.apache.http.wire -  << "Content-Type: application/json; charset=UTF-8[\r][\n]"
00:41:52.167 [main] DEBUG org.apache.http.wire -  << "Content-Length: 75[\r][\n]"
00:41:52.168 [main] DEBUG org.apache.http.wire -  << "Connection: keep-alive[\r][\n]"
00:41:52.168 [main] DEBUG org.apache.http.wire -  << "Cache-Control: no-cache[\r][\n]"
00:41:52.168 [main] DEBUG org.apache.http.wire -  << "X-Request-Id: 1fbf8683-37bf-42cb-84a6-8e451a222ff6[\r][\n]"
00:41:52.168 [main] DEBUG org.apache.http.wire -  << "X-Runtime: 0.002485[\r][\n]"
00:41:52.168 [main] DEBUG org.apache.http.wire -  << "[\r][\n]"
00:41:52.168 [main] DEBUG o.a.h.i.conn.DefaultClientConnection - Receiving response: HTTP/1.1 406 Not Acceptable
00:41:52.168 [main] DEBUG org.apache.http.headers - << HTTP/1.1 406 Not Acceptable
00:41:52.168 [main] DEBUG org.apache.http.headers - << Server: nginx
00:41:52.168 [main] DEBUG org.apache.http.headers - << Date: Sun, 20 Feb 2022 17:41:53 GMT
00:41:52.168 [main] DEBUG org.apache.http.headers - << Content-Type: application/json; charset=UTF-8
00:41:52.168 [main] DEBUG org.apache.http.headers - << Content-Length: 75
00:41:52.168 [main] DEBUG org.apache.http.headers - << Connection: keep-alive
00:41:52.168 [main] DEBUG org.apache.http.headers - << Cache-Control: no-cache
00:41:52.168 [main] DEBUG org.apache.http.headers - << X-Request-Id: 1fbf8683-37bf-42cb-84a6-8e451a222ff6
00:41:52.168 [main] DEBUG org.apache.http.headers - << X-Runtime: 0.002485
00:41:52.168 [main] DEBUG o.a.h.impl.client.DefaultHttpClient - Connection can be kept alive indefinitely
00:41:52.170 [main] DEBUG i.r.i.RequestSpecificationImpl$RestAssuredHttpBuilder - Parsing response as: application/json; charset=UTF-8
00:41:52.170 [main] DEBUG i.r.i.RequestSpecificationImpl$RestAssuredHttpBuilder - Parsed data to instance of: class org.apache.http.conn.EofSensorInputStream
00:41:52.172 [main] DEBUG org.apache.http.wire -  << "{"error":{"code":406,"errors":["user_id is missing, otp_code is missing"]}}"
00:41:52.173 [main] DEBUG o.a.h.i.c.BasicClientConnectionManager - Releasing connection org.apache.http.impl.conn.ManagedClientConnectionImpl@604d28c6
00:41:52.173 [main] DEBUG o.a.h.i.c.BasicClientConnectionManager - Connection can be kept alive indefinitely
    &amp#27;[31mWhen &amp#27;[0m&amp#27;[31mI am input otp&amp#27;[0m           &amp#27;[90m# otpmatchSteps.iAmInputOtp()&amp#27;[0m
      &amp#27;[31mjava.lang.AssertionError: 1 expectation failed.
Expected status code <201> but was <406>.

	at sun.reflect.NativeConstructorAccessorImpl.newInstance0(Native Method)
	at sun.reflect.NativeConstructorAccessorImpl.newInstance(NativeConstructorAccessorImpl.java:62)
	at sun.reflect.DelegatingConstructorAccessorImpl.newInstance(DelegatingConstructorAccessorImpl.java:45)
	at java.lang.reflect.Constructor.newInstance(Constructor.java:423)
	at org.codehaus.groovy.reflection.CachedConstructor.invoke(CachedConstructor.java:83)
	at org.codehaus.groovy.reflection.CachedConstructor.doConstructorInvoke(CachedConstructor.java:77)
	at org.codehaus.groovy.runtime.callsite.ConstructorSite$ConstructorSiteNoUnwrap.callConstructor(ConstructorSite.java:84)
	at org.codehaus.groovy.runtime.callsite.CallSiteArray.defaultCallConstructor(CallSiteArray.java:59)
	at org.codehaus.groovy.runtime.callsite.AbstractCallSite.callConstructor(AbstractCallSite.java:237)
	at org.codehaus.groovy.runtime.callsite.AbstractCallSite.callConstructor(AbstractCallSite.java:249)
	at io.restassured.internal.ResponseSpecificationImpl$HamcrestAssertionClosure.validate(ResponseSpecificationImpl.groovy:494)
	at io.restassured.internal.ResponseSpecificationImpl$HamcrestAssertionClosure$validate$1.call(Unknown Source)
	at io.restassured.internal.ResponseSpecificationImpl.validateResponseIfRequired(ResponseSpecificationImpl.groovy:656)
	at sun.reflect.GeneratedMethodAccessor94.invoke(Unknown Source)
	at sun.reflect.DelegatingMethodAccessorImpl.invoke(DelegatingMethodAccessorImpl.java:43)
	at java.lang.reflect.Method.invoke(Method.java:498)
	at org.codehaus.groovy.runtime.callsite.PlainObjectMetaMethodSite.doInvoke(PlainObjectMetaMethodSite.java:43)
	at org.codehaus.groovy.runtime.callsite.PogoMetaMethodSite$PogoCachedMethodSiteNoUnwrapNoCoerce.invoke(PogoMetaMethodSite.java:190)
	at org.codehaus.groovy.runtime.callsite.PogoMetaMethodSite.callCurrent(PogoMetaMethodSite.java:58)
	at org.codehaus.groovy.runtime.callsite.AbstractCallSite.callCurrent(AbstractCallSite.java:168)
	at io.restassured.internal.ResponseSpecificationImpl.statusCode(ResponseSpecificationImpl.groovy:125)
	at io.restassured.specification.ResponseSpecification$statusCode$0.callCurrent(Unknown Source)
	at io.restassured.internal.ResponseSpecificationImpl.statusCode(ResponseSpecificationImpl.groovy:133)
	at io.restassured.internal.ValidatableResponseOptionsImpl.statusCode(ValidatableResponseOptionsImpl.java:119)
	at starter.account.java.RegisterOtpMatch.hitEndpointOtpMatch(RegisterOtpMatch.java:33)
	at starter.account.java.RegisterOtpMatch$ByteBuddy$VFojB5lb.hitEndpointOtpMatch$accessor$GWa1C0iS(Unknown Source)
	at sun.reflect.NativeMethodAccessorImpl.invoke0(Native Method)
	at sun.reflect.NativeMethodAccessorImpl.invoke(NativeMethodAccessorImpl.java:62)
	at sun.reflect.DelegatingMethodAccessorImpl.invoke(DelegatingMethodAccessorImpl.java:43)
	at java.lang.reflect.Method.invoke(Method.java:498)
	at net.thucydides.core.steps.StepInterceptor.invokeMethod(StepInterceptor.java:471)
	at net.thucydides.core.steps.StepInterceptor.executeTestStepMethod(StepInterceptor.java:451)
	at net.thucydides.core.steps.StepInterceptor.runTestStep(StepInterceptor.java:424)
	at net.thucydides.core.steps.StepInterceptor.runOrSkipMethod(StepInterceptor.java:180)
	at net.thucydides.core.steps.StepInterceptor.testStepResult(StepInterceptor.java:167)
	at net.thucydides.core.steps.StepInterceptor.intercept(StepInterceptor.java:75)
	at starter.account.java.RegisterOtpMatch$ByteBuddy$VFojB5lb.hitEndpointOtpMatch(Unknown Source)
	at starter.account.stepdef.otpmatchSteps.iAmInputOtp(otpmatchSteps.java:19)
	at ?.I am input otp(file:src/test/resources/features/register/otpmatch.feature:8)
&amp#27;[0m
    &amp#27;[36mWhen &amp#27;[0m&amp#27;[36mI click Execution button&amp#27;[0m &amp#27;[90m# otpmatchSteps.iClickExecutionButton()&amp#27;[0m
    &amp#27;[36mThen &amp#27;[0m&amp#27;[36mOtp matching&amp#27;[0m             &amp#27;[90m# otpmatchSteps.otpMatching()&amp#27;[0m
]]></system-out>
  </testcase>
  <testcase name="Otp sending" classname="OTP Request" time="1.772"/>
  <testcase name="Api register success" classname="Register" time="2.495">
    <failure message="1 expectation failed.&#10;Expected status code &lt;201&gt; but was &lt;422&gt;.&#10;" type="java.lang.AssertionError"><![CDATA[java.lang.AssertionError: 
1 expectation failed.
Expected status code <201> but was <422>.

]]></failure>
    <system-out><![CDATA[00:41:54.191 [main] INFO  n.t.c.steps.ConsoleLoggingListener - 
        __    _____ _____ ____ _____   ____   _    ____  ____  _____ ____  
  _     \ \  |_   _| ____/ ___|_   _| |  _ \ / \  / ___|/ ___|| ____|  _ \ 
 (_)_____| |   | | |  _| \___ \ | |   | |_) / _ \ \___ \\___ \|  _| | | | |
  _|_____| |   | | | |___ ___) || |   |  __/ ___ \ ___) |___) | |___| |_| |
 (_)     | |   |_| |_____|____/ |_|   |_| /_/   \_\____/|____/|_____|____/ 
        /_/                                                                

TEST PASSED: Otp sending
----------------------------------------------------------------------------

Feature: Register
  I want to test api register
  So that i success register

  Scenario: Api register success &amp#27;[90m# src/test/resources/features/register/register.feature:6&amp#27;[0m
00:41:54.201 [main] INFO  n.t.c.steps.ConsoleLoggingListener - 
 _____ _____ ____ _____   ____ _____  _    ____ _____ _____ ____  
|_   _| ____/ ___|_   _| / ___|_   _|/ \  |  _ \_   _| ____|  _ \ 
  | | |  _| \___ \ | |   \___ \ | | / _ \ | |_) || | |  _| | | | |
  | | | |___ ___) || |    ___) || |/ ___ \|  _ < | | | |___| |_| |
  |_| |_____|____/ |_|   |____/ |_/_/   \_\_| \_\|_| |_____|____/ 
                                                                  

TEST STARTED: Api register success
-------------------------------------------------------------------(register;api-register-success)
    &amp#27;[32mGiven &amp#27;[0m&amp#27;[32mI am test api register&amp#27;[0m &amp#27;[90m# registerSteps.iAmTestApiRegister()&amp#27;[0m
00:41:54.249 [main] DEBUG n.t.core.steps.StepInterceptor - STARTING STEP: registerSteps.iInputPhoneNumber - setBodyReq
00:41:54.250 [main] DEBUG n.t.core.steps.StepInterceptor - STEP DONE: setBodyReq
    &amp#27;[32mWhen &amp#27;[0m&amp#27;[32mI input phone number&amp#27;[0m    &amp#27;[90m# registerSteps.iInputPhoneNumber()&amp#27;[0m
00:41:54.253 [main] DEBUG n.t.core.steps.StepInterceptor - STARTING STEP: registerSteps.iClickButton - hitEndpointRegist
00:41:54.263 [main] DEBUG o.a.h.i.c.BasicClientConnectionManager - Get connection for route {}->http://pretest-qa.dcidev.id:80
00:41:54.263 [main] DEBUG o.a.h.i.c.DefaultClientConnectionOperator - Connecting to pretest-qa.dcidev.id:80
00:41:56.469 [main] DEBUG o.a.h.c.protocol.RequestAddCookies - CookieSpec selected: ignoreCookies
00:41:56.470 [main] DEBUG o.a.h.c.protocol.RequestAuthCache - Auth cache not set in the context
00:41:56.470 [main] DEBUG o.a.h.c.p.RequestTargetAuthentication - Target auth state: UNCHALLENGED
00:41:56.470 [main] DEBUG o.a.h.c.p.RequestProxyAuthentication - Proxy auth state: UNCHALLENGED
00:41:56.470 [main] DEBUG o.a.h.impl.client.DefaultHttpClient - Attempt 1 to execute request
00:41:56.470 [main] DEBUG o.a.h.i.conn.DefaultClientConnection - Sending request: POST /api/v1/register HTTP/1.1
00:41:56.470 [main] DEBUG org.apache.http.wire -  >> "POST /api/v1/register HTTP/1.1[\r][\n]"
00:41:56.470 [main] DEBUG org.apache.http.wire -  >> "Accept: */*[\r][\n]"
00:41:56.470 [main] DEBUG org.apache.http.wire -  >> "Content-Type: application/json; charset=UTF-8[\r][\n]"
00:41:56.471 [main] DEBUG org.apache.http.wire -  >> "Content-Length: 119[\r][\n]"
00:41:56.471 [main] DEBUG org.apache.http.wire -  >> "Host: pretest-qa.dcidev.id[\r][\n]"
00:41:56.471 [main] DEBUG org.apache.http.wire -  >> "Connection: Keep-Alive[\r][\n]"
00:41:56.471 [main] DEBUG org.apache.http.wire -  >> "User-Agent: Apache-HttpClient/4.5.5 (Java/1.8.0_301)[\r][\n]"
00:41:56.471 [main] DEBUG org.apache.http.wire -  >> "Accept-Encoding: gzip,deflate[\r][\n]"
00:41:56.471 [main] DEBUG org.apache.http.wire -  >> "[\r][\n]"
00:41:56.471 [main] DEBUG org.apache.http.headers - >> POST /api/v1/register HTTP/1.1
00:41:56.471 [main] DEBUG org.apache.http.headers - >> Accept: */*
00:41:56.471 [main] DEBUG org.apache.http.headers - >> Content-Type: application/json; charset=UTF-8
00:41:56.471 [main] DEBUG org.apache.http.headers - >> Content-Length: 119
00:41:56.471 [main] DEBUG org.apache.http.headers - >> Host: pretest-qa.dcidev.id
00:41:56.471 [main] DEBUG org.apache.http.headers - >> Connection: Keep-Alive
00:41:56.471 [main] DEBUG org.apache.http.headers - >> User-Agent: Apache-HttpClient/4.5.5 (Java/1.8.0_301)
00:41:56.471 [main] DEBUG org.apache.http.headers - >> Accept-Encoding: gzip,deflate
00:41:56.471 [main] DEBUG org.apache.http.wire -  >> "{"country":"indonesia","password":"andi11","phone":"081211112222\/","latlong":"1","device_token":"1","device_type":"0"}"
00:41:56.666 [main] DEBUG org.apache.http.wire -  << "HTTP/1.1 422 Unprocessable Entity[\r][\n]"
00:41:56.667 [main] DEBUG org.apache.http.wire -  << "Server: nginx[\r][\n]"
00:41:56.667 [main] DEBUG org.apache.http.wire -  << "Date: Sun, 20 Feb 2022 17:41:57 GMT[\r][\n]"
00:41:56.667 [main] DEBUG org.apache.http.wire -  << "Content-Type: application/json; charset=UTF-8[\r][\n]"
00:41:56.667 [main] DEBUG org.apache.http.wire -  << "Content-Length: 53[\r][\n]"
00:41:56.667 [main] DEBUG org.apache.http.wire -  << "Connection: keep-alive[\r][\n]"
00:41:56.667 [main] DEBUG org.apache.http.wire -  << "Cache-Control: no-cache[\r][\n]"
00:41:56.667 [main] DEBUG org.apache.http.wire -  << "X-Request-Id: 322f1e2d-5fda-4608-b90d-259afd61af7b[\r][\n]"
00:41:56.667 [main] DEBUG org.apache.http.wire -  << "X-Runtime: 0.139462[\r][\n]"
00:41:56.667 [main] DEBUG org.apache.http.wire -  << "[\r][\n]"
00:41:56.667 [main] DEBUG o.a.h.i.conn.DefaultClientConnection - Receiving response: HTTP/1.1 422 Unprocessable Entity
00:41:56.667 [main] DEBUG org.apache.http.headers - << HTTP/1.1 422 Unprocessable Entity
00:41:56.667 [main] DEBUG org.apache.http.headers - << Server: nginx
00:41:56.667 [main] DEBUG org.apache.http.headers - << Date: Sun, 20 Feb 2022 17:41:57 GMT
00:41:56.667 [main] DEBUG org.apache.http.headers - << Content-Type: application/json; charset=UTF-8
00:41:56.667 [main] DEBUG org.apache.http.headers - << Content-Length: 53
00:41:56.667 [main] DEBUG org.apache.http.headers - << Connection: keep-alive
00:41:56.667 [main] DEBUG org.apache.http.headers - << Cache-Control: no-cache
00:41:56.667 [main] DEBUG org.apache.http.headers - << X-Request-Id: 322f1e2d-5fda-4608-b90d-259afd61af7b
00:41:56.667 [main] DEBUG org.apache.http.headers - << X-Runtime: 0.139462
00:41:56.668 [main] DEBUG o.a.h.impl.client.DefaultHttpClient - Connection can be kept alive indefinitely
00:41:56.668 [main] DEBUG i.r.i.RequestSpecificationImpl$RestAssuredHttpBuilder - Parsing response as: application/json; charset=UTF-8
00:41:56.668 [main] DEBUG i.r.i.RequestSpecificationImpl$RestAssuredHttpBuilder - Parsed data to instance of: class org.apache.http.conn.EofSensorInputStream
00:41:56.671 [main] DEBUG org.apache.http.wire -  << "{"error":{"errors":["Phone has already been taken"]}}"
00:41:56.671 [main] DEBUG o.a.h.i.c.BasicClientConnectionManager - Releasing connection org.apache.http.impl.conn.ManagedClientConnectionImpl@2d4a3e13
00:41:56.671 [main] DEBUG o.a.h.i.c.BasicClientConnectionManager - Connection can be kept alive indefinitely
    &amp#27;[31mWhen &amp#27;[0m&amp#27;[31mI click button&amp#27;[0m          &amp#27;[90m# registerSteps.iClickButton()&amp#27;[0m
      &amp#27;[31mjava.lang.AssertionError: 1 expectation failed.
Expected status code <201> but was <422>.

	at sun.reflect.NativeConstructorAccessorImpl.newInstance0(Native Method)
	at sun.reflect.NativeConstructorAccessorImpl.newInstance(NativeConstructorAccessorImpl.java:62)
	at sun.reflect.DelegatingConstructorAccessorImpl.newInstance(DelegatingConstructorAccessorImpl.java:45)
	at java.lang.reflect.Constructor.newInstance(Constructor.java:423)
	at org.codehaus.groovy.reflection.CachedConstructor.invoke(CachedConstructor.java:83)
	at org.codehaus.groovy.reflection.CachedConstructor.doConstructorInvoke(CachedConstructor.java:77)
	at org.codehaus.groovy.runtime.callsite.ConstructorSite$ConstructorSiteNoUnwrap.callConstructor(ConstructorSite.java:84)
	at org.codehaus.groovy.runtime.callsite.AbstractCallSite.callConstructor(AbstractCallSite.java:249)
	at io.restassured.internal.ResponseSpecificationImpl$HamcrestAssertionClosure.validate(ResponseSpecificationImpl.groovy:494)
	at io.restassured.internal.ResponseSpecificationImpl$HamcrestAssertionClosure$validate$1.call(Unknown Source)
	at io.restassured.internal.ResponseSpecificationImpl.validateResponseIfRequired(ResponseSpecificationImpl.groovy:656)
	at sun.reflect.GeneratedMethodAccessor94.invoke(Unknown Source)
	at sun.reflect.DelegatingMethodAccessorImpl.invoke(DelegatingMethodAccessorImpl.java:43)
	at java.lang.reflect.Method.invoke(Method.java:498)
	at org.codehaus.groovy.runtime.callsite.PlainObjectMetaMethodSite.doInvoke(PlainObjectMetaMethodSite.java:43)
	at org.codehaus.groovy.runtime.callsite.PogoMetaMethodSite$PogoCachedMethodSiteNoUnwrapNoCoerce.invoke(PogoMetaMethodSite.java:190)
	at org.codehaus.groovy.runtime.callsite.PogoMetaMethodSite.callCurrent(PogoMetaMethodSite.java:58)
	at org.codehaus.groovy.runtime.callsite.AbstractCallSite.callCurrent(AbstractCallSite.java:168)
	at io.restassured.internal.ResponseSpecificationImpl.statusCode(ResponseSpecificationImpl.groovy:125)
	at io.restassured.specification.ResponseSpecification$statusCode$0.callCurrent(Unknown Source)
	at io.restassured.internal.ResponseSpecificationImpl.statusCode(ResponseSpecificationImpl.groovy:133)
	at io.restassured.internal.ValidatableResponseOptionsImpl.statusCode(ValidatableResponseOptionsImpl.java:119)
	at starter.account.java.Register.hitEndpointRegist(Register.java:37)
	at starter.account.java.Register$ByteBuddy$tVfhkZc2.hitEndpointRegist$accessor$8bKwoiFn(Unknown Source)
	at sun.reflect.NativeMethodAccessorImpl.invoke0(Native Method)
	at sun.reflect.NativeMethodAccessorImpl.invoke(NativeMethodAccessorImpl.java:62)
	at sun.reflect.DelegatingMethodAccessorImpl.invoke(DelegatingMethodAccessorImpl.java:43)
	at java.lang.reflect.Method.invoke(Method.java:498)
	at net.thucydides.core.steps.StepInterceptor.invokeMethod(StepInterceptor.java:471)
	at net.thucydides.core.steps.StepInterceptor.executeTestStepMethod(StepInterceptor.java:451)
	at net.thucydides.core.steps.StepInterceptor.runTestStep(StepInterceptor.java:424)
	at net.thucydides.core.steps.StepInterceptor.runOrSkipMethod(StepInterceptor.java:180)
	at net.thucydides.core.steps.StepInterceptor.testStepResult(StepInterceptor.java:167)
	at net.thucydides.core.steps.StepInterceptor.intercept(StepInterceptor.java:75)
	at starter.account.java.Register$ByteBuddy$tVfhkZc2.hitEndpointRegist(Unknown Source)
	at starter.account.stepdef.registerSteps.iClickButton(registerSteps.java:23)
	at ?.I click button(file:src/test/resources/features/register/register.feature:9)
&amp#27;[0m
    &amp#27;[36mThen &amp#27;[0m&amp#27;[36mI success register&amp#27;[0m      &amp#27;[90m# registerSteps.iSuccessRegister()&amp#27;[0m
]]></system-out>
  </testcase>
  <testcase name="Upload image profile" classname="Upload Image Profile" time="1.658"/>
</testsuite>