<?xml version="1.0" encoding="UTF-8"?><testsuite errors="0" failures="1" name="Register" skipped="0" tests="1" time="2.49" timestamp="2022-02-21 12:41:54"><testcase name="Api register success"><failure message="1 expectation failed.&#10;Expected status code &lt;201&gt; but was &lt;422&gt;.&#10;" type="java.lang.AssertionError">1 expectation failed.
Expected status code &lt;201&gt; but was &lt;422&gt;.
</failure><system-err>1 expectation failed.
Expected status code &lt;201&gt; but was &lt;422&gt;.
&#13;
io.restassured.internal.ResponseSpecificationImpl.validateResponseIfRequired(ResponseSpecificationImpl.groovy:656)&#13;
io.restassured.internal.ResponseSpecificationImpl.statusCode(ResponseSpecificationImpl.groovy:125)&#13;
io.restassured.internal.ResponseSpecificationImpl.statusCode(ResponseSpecificationImpl.groovy:133)&#13;
io.restassured.internal.ValidatableResponseOptionsImpl.statusCode(ValidatableResponseOptionsImpl.java:119)&#13;
starter.account.java.Register.hitEndpointRegist(Register.java:37)&#13;
starter.account.stepdef.registerSteps.iClickButton(registerSteps.java:23)&#13;
✽.I click button(file:src/test/resources/features/register/register.feature:9)&#13;
</system-err></testcase></testsuite>